<?xml version="1.0" encoding="UTF-8"?>
<!-- Generated by org.testng.reporters.JUnitReportReporter -->
<testsuite skipped="0" hostname="sw" name="com.OKTAdmin.testcases.OKTAdminPostDetailScreenForLink_PostTest" tests="4" failures="0" timestamp="2020-09-26T20:38:47 IST" time="1247.600" errors="0">
  <testcase name="Verify_Labels" time="437.999" classname="com.OKTAdmin.testcases.OKTAdminPostDetailScreenForLink_PostTest"/>
  <system-out/>
  <testcase name="Verify_Multiple_Validation_For_Link_Post" time="282.942" classname="com.OKTAdmin.testcases.OKTAdminPostDetailScreenForLink_PostTest"/>
  <system-out/>
  <testcase name="Verify_Validation_Link_Post" time="265.509" classname="com.OKTAdmin.testcases.OKTAdminPostDetailScreenForLink_PostTest"/>
  <system-out/>
  <testcase name="Create_Link_Post" time="261.150" classname="com.OKTAdmin.testcases.OKTAdminPostDetailScreenForLink_PostTest"/>
  <system-out/>
</testsuite> <!-- com.OKTAdmin.testcases.OKTAdminPostDetailScreenForLink_PostTest -->
