<?xml version="1.0" encoding="UTF-8"?>
<!-- Generated by org.testng.reporters.JUnitReportReporter -->
<testsuite skipped="0" hostname="sw" name="com.OKTAdmin.testcases.OKTAdminPostDetailScreenForAudio_PostTest" tests="4" failures="0" timestamp="2020-10-16T17:33:08 IST" time="1809.817" errors="0">
  <testcase name="Verify_Labels" time="457.266" classname="com.OKTAdmin.testcases.OKTAdminPostDetailScreenForAudio_PostTest"/>
  <system-out/>
  <testcase name="Verify_Multiple_Validation_For_Audio_Post" time="387.871" classname="com.OKTAdmin.testcases.OKTAdminPostDetailScreenForAudio_PostTest"/>
  <system-out/>
  <testcase name="Verify_Validation_Audio_Post" time="372.522" classname="com.OKTAdmin.testcases.OKTAdminPostDetailScreenForAudio_PostTest"/>
  <system-out/>
  <testcase name="Create_Audio_Post" time="592.158" classname="com.OKTAdmin.testcases.OKTAdminPostDetailScreenForAudio_PostTest"/>
  <system-out/>
</testsuite> <!-- com.OKTAdmin.testcases.OKTAdminPostDetailScreenForAudio_PostTest -->
