<?xml version="1.0" encoding="UTF-8"?>
<!-- Generated by org.testng.reporters.JUnitReportReporter -->
<testsuite skipped="0" hostname="sw" name="com.OKTAdmin.testcases.OKTAdminPostDetailScreenTest" tests="3" failures="0" timestamp="2020-09-26T20:38:47 IST" time="776.870" errors="0">
  <testcase name="Click_On_Create_button" time="347.360" classname="com.OKTAdmin.testcases.OKTAdminPostDetailScreenTest"/>
  <system-out/>
  <testcase name="verify_All_PostDetail_Label" time="224.061" classname="com.OKTAdmin.testcases.OKTAdminPostDetailScreenTest"/>
  <system-out/>
  <testcase name="verifyTotal_PostType_Dropdown_Value" time="205.449" classname="com.OKTAdmin.testcases.OKTAdminPostDetailScreenTest"/>
  <system-out/>
</testsuite> <!-- com.OKTAdmin.testcases.OKTAdminPostDetailScreenTest -->
