<?xml version="1.0" encoding="UTF-8"?>
<!-- Generated by org.testng.reporters.JUnitReportReporter -->
<testsuite skipped="0" hostname="sw" name="com.OKTAdmin.testcases.OKTAdminPostDetailScreenForAudio_PostTest" tests="4" failures="1" timestamp="2020-10-15T13:10:32 IST" time="1817.074" errors="0">
  <testcase name="Verify_Labels" time="532.553" classname="com.OKTAdmin.testcases.OKTAdminPostDetailScreenForAudio_PostTest"/>
  <system-out/>
  <testcase name="Verify_Multiple_Validation_For_Audio_Post" time="337.281" classname="com.OKTAdmin.testcases.OKTAdminPostDetailScreenForAudio_PostTest"/>
  <system-out/>
  <testcase name="Verify_Validation_Audio_Post" time="327.563" classname="com.OKTAdmin.testcases.OKTAdminPostDetailScreenForAudio_PostTest"/>
  <system-out/>
  <testcase name="Create_Audio_Post" time="619.677" classname="com.OKTAdmin.testcases.OKTAdminPostDetailScreenForAudio_PostTest">
    <failure type="java.lang.AssertionError" message="The following asserts failed:
	Created successfully expected [Created successfully] but found [Post Status]">
      <![CDATA[java.lang.AssertionError: The following asserts failed:
Created successfully expected [Created successfully] but found [Post Status]
at org.testng.asserts.SoftAssert.assertAll(SoftAssert.java:47)
at org.testng.asserts.SoftAssert.assertAll(SoftAssert.java:31)
at com.OKTAdmin.testcases.OKTAdminPostDetailScreenForAudio_PostTest.Create_Audio_Post(OKTAdminPostDetailScreenForAudio_PostTest.java:197)
at sun.reflect.NativeMethodAccessorImpl.invoke0(Native Method)
at sun.reflect.NativeMethodAccessorImpl.invoke(Unknown Source)
at sun.reflect.DelegatingMethodAccessorImpl.invoke(Unknown Source)
at java.lang.reflect.Method.invoke(Unknown Source)
at org.testng.internal.MethodInvocationHelper.invokeMethod(MethodInvocationHelper.java:132)
at org.testng.internal.TestInvoker.invokeMethod(TestInvoker.java:599)
at org.testng.internal.TestInvoker.invokeTestMethod(TestInvoker.java:174)
at org.testng.internal.MethodRunner.runInSequence(MethodRunner.java:46)
at org.testng.internal.TestInvoker$MethodInvocationAgent.invoke(TestInvoker.java:822)
at org.testng.internal.TestInvoker.invokeTestMethods(TestInvoker.java:147)
at org.testng.internal.TestMethodWorker.invokeTestMethods(TestMethodWorker.java:146)
at org.testng.internal.TestMethodWorker.run(TestMethodWorker.java:128)
at java.util.ArrayList.forEach(Unknown Source)
at org.testng.TestRunner.privateRun(TestRunner.java:764)
at org.testng.TestRunner.run(TestRunner.java:585)
at org.testng.SuiteRunner.runTest(SuiteRunner.java:384)
at org.testng.SuiteRunner.runSequentially(SuiteRunner.java:378)
at org.testng.SuiteRunner.privateRun(SuiteRunner.java:337)
at org.testng.SuiteRunner.run(SuiteRunner.java:286)
at org.testng.SuiteRunnerWorker.runSuite(SuiteRunnerWorker.java:53)
at org.testng.SuiteRunnerWorker.run(SuiteRunnerWorker.java:96)
at org.testng.TestNG.runSuitesSequentially(TestNG.java:1218)
at org.testng.TestNG.runSuitesLocally(TestNG.java:1140)
at org.testng.TestNG.runSuites(TestNG.java:1069)
at org.testng.TestNG.run(TestNG.java:1037)
at org.testng.remote.AbstractRemoteTestNG.run(AbstractRemoteTestNG.java:115)
at org.testng.remote.RemoteTestNG.initAndRun(RemoteTestNG.java:251)
at org.testng.remote.RemoteTestNG.main(RemoteTestNG.java:77)
]]>
    </failure>
  </testcase> <!-- Create_Audio_Post -->
  <system-out/>
</testsuite> <!-- com.OKTAdmin.testcases.OKTAdminPostDetailScreenForAudio_PostTest -->
