<?xml version="1.0" encoding="UTF-8"?>
<!-- Generated by org.testng.reporters.JUnitReportReporter -->
<testsuite skipped="0" hostname="sw" name="com.OKTAdmin.testcases.OKTAdminLoginPageTest" tests="3" failures="0" timestamp="2020-10-16T15:06:02 IST" time="242.288" errors="0">
  <testcase name="verifyOkTestedAdminLoginPageTitle" time="39.836" classname="com.OKTAdmin.testcases.OKTAdminLoginPageTest"/>
  <system-out/>
  <testcase name="verifyOKTestedLogo" time="39.496" classname="com.OKTAdmin.testcases.OKTAdminLoginPageTest"/>
  <system-out/>
  <testcase name="LoginInnOKTestedAdmin" time="162.956" classname="com.OKTAdmin.testcases.OKTAdminLoginPageTest"/>
  <system-out/>
</testsuite> <!-- com.OKTAdmin.testcases.OKTAdminLoginPageTest -->
