<?xml version="1.0" encoding="UTF-8"?>
<!-- Generated by org.testng.reporters.JUnitReportReporter -->
<testsuite skipped="0" hostname="sw" name="com.OKTAdmin.testcases.OKTAdminPostDetailScreenForText_PostTest" tests="3" failures="0" timestamp="2020-10-16T22:51:14 IST" time="863.461" errors="0">
  <testcase name="Verify_Labels" time="353.408" classname="com.OKTAdmin.testcases.OKTAdminPostDetailScreenForText_PostTest"/>
  <system-out/>
  <testcase name="Verify_Multiple_Validation_For_Text_Post" time="252.525" classname="com.OKTAdmin.testcases.OKTAdminPostDetailScreenForText_PostTest"/>
  <system-out/>
  <testcase name="Create_Text_Post" time="257.528" classname="com.OKTAdmin.testcases.OKTAdminPostDetailScreenForText_PostTest"/>
  <system-out/>
</testsuite> <!-- com.OKTAdmin.testcases.OKTAdminPostDetailScreenForText_PostTest -->
