<?xml version="1.0" encoding="UTF-8"?>
<!-- Generated by org.testng.reporters.JUnitReportReporter -->
<testsuite skipped="0" hostname="sw" name="com.OKTAdmin.testcases.OKTAdminPostDetailScreenTest" tests="3" failures="0" timestamp="2020-10-16T15:24:08 IST" time="851.742" errors="0">
  <testcase name="Click_On_Create_button" time="363.136" classname="com.OKTAdmin.testcases.OKTAdminPostDetailScreenTest"/>
  <system-out/>
  <testcase name="verify_All_PostDetail_Label" time="261.576" classname="com.OKTAdmin.testcases.OKTAdminPostDetailScreenTest"/>
  <system-out/>
  <testcase name="verifyTotal_PostType_Dropdown_Value" time="227.030" classname="com.OKTAdmin.testcases.OKTAdminPostDetailScreenTest"/>
  <system-out/>
</testsuite> <!-- com.OKTAdmin.testcases.OKTAdminPostDetailScreenTest -->
