<?xml version="1.0" encoding="UTF-8"?>
<!-- Generated by org.testng.reporters.JUnitReportReporter -->
<testsuite skipped="0" hostname="sw" name="com.OKTAdmin.testcases.OKTAdminLoginPageTest" tests="3" failures="0" timestamp="2020-10-16T12:44:20 IST" time="332.920" errors="0">
  <testcase name="verifyOkTestedAdminLoginPageTitle" time="39.670" classname="com.OKTAdmin.testcases.OKTAdminLoginPageTest"/>
  <system-out/>
  <testcase name="verifyOKTestedLogo" time="40.205" classname="com.OKTAdmin.testcases.OKTAdminLoginPageTest"/>
  <system-out/>
  <testcase name="LoginInnOKTestedAdmin" time="253.045" classname="com.OKTAdmin.testcases.OKTAdminLoginPageTest"/>
  <system-out/>
</testsuite> <!-- com.OKTAdmin.testcases.OKTAdminLoginPageTest -->
