<?xml version="1.0" encoding="UTF-8"?>
<!-- Generated by org.testng.reporters.JUnitReportReporter -->
<testsuite skipped="0" hostname="sw" name="com.OKTAdmin.testcases.OKTAdminPostDetailScreenForPoll_PostTest" tests="4" failures="0" timestamp="2020-10-16T21:08:35 IST" time="1705.790" errors="0">
  <testcase name="Verify_Labels" time="402.042" classname="com.OKTAdmin.testcases.OKTAdminPostDetailScreenForPoll_PostTest"/>
  <system-out/>
  <testcase name="Verify_Multiple_Validation_For_Poll_Post" time="352.626" classname="com.OKTAdmin.testcases.OKTAdminPostDetailScreenForPoll_PostTest"/>
  <system-out/>
  <testcase name="Verify_Validation_Poll_Post" time="337.530" classname="com.OKTAdmin.testcases.OKTAdminPostDetailScreenForPoll_PostTest"/>
  <system-out/>
  <testcase name="Create_Poll_Post" time="613.592" classname="com.OKTAdmin.testcases.OKTAdminPostDetailScreenForPoll_PostTest"/>
  <system-out/>
</testsuite> <!-- com.OKTAdmin.testcases.OKTAdminPostDetailScreenForPoll_PostTest -->
