<?xml version="1.0" encoding="UTF-8"?>
<!-- Generated by org.testng.reporters.JUnitReportReporter -->
<testsuite skipped="0" hostname="sw" name="com.OKTAdmin.testcases.OKTAdminPostDetailScreenForVideo_PostTest" tests="4" failures="0" timestamp="2020-10-17T12:02:29 IST" time="1721.291" errors="0">
  <testcase name="Verify_Labels" time="373.922" classname="com.OKTAdmin.testcases.OKTAdminPostDetailScreenForVideo_PostTest"/>
  <system-out/>
  <testcase name="Verify_Multiple_Validation_For_Video_Post" time="382.352" classname="com.OKTAdmin.testcases.OKTAdminPostDetailScreenForVideo_PostTest"/>
  <system-out/>
  <testcase name="Verify_Validation_Video_Post" time="367.930" classname="com.OKTAdmin.testcases.OKTAdminPostDetailScreenForVideo_PostTest"/>
  <system-out/>
  <testcase name="Create_Video_Post" time="597.087" classname="com.OKTAdmin.testcases.OKTAdminPostDetailScreenForVideo_PostTest"/>
  <system-out/>
</testsuite> <!-- com.OKTAdmin.testcases.OKTAdminPostDetailScreenForVideo_PostTest -->
