<?xml version="1.0" encoding="UTF-8"?>
<!-- Generated by org.testng.reporters.JUnitReportReporter -->
<testsuite skipped="0" hostname="sw" name="com.OKTAdmin.testcases.OKTAdminPostDetailScreenForImage_PostTest" tests="4" failures="0" timestamp="2020-10-16T19:29:08 IST" time="1563.461" errors="0">
  <testcase name="Verify_Labels" time="463.002" classname="com.OKTAdmin.testcases.OKTAdminPostDetailScreenForImage_PostTest"/>
  <system-out/>
  <testcase name="Verify_Multiple_Validation_For_Poll_Post" time="382.172" classname="com.OKTAdmin.testcases.OKTAdminPostDetailScreenForImage_PostTest"/>
  <system-out/>
  <testcase name="Verify_Validation_Poll_Post" time="312.389" classname="com.OKTAdmin.testcases.OKTAdminPostDetailScreenForImage_PostTest"/>
  <system-out/>
  <testcase name="Create_Poll_Post" time="405.898" classname="com.OKTAdmin.testcases.OKTAdminPostDetailScreenForImage_PostTest"/>
  <system-out/>
</testsuite> <!-- com.OKTAdmin.testcases.OKTAdminPostDetailScreenForImage_PostTest -->
