<?xml version="1.0" encoding="UTF-8"?>
<!-- Generated by org.testng.reporters.JUnitReportReporter -->
<testsuite skipped="0" hostname="sw" name="com.OKTAdmin.testcases.OKTAdminLoginPageTest" tests="3" failures="0" timestamp="2020-10-15T11:51:26 IST" time="206.930" errors="0">
  <testcase name="verifyOkTestedAdminLoginPageTitle" time="43.931" classname="com.OKTAdmin.testcases.OKTAdminLoginPageTest"/>
  <system-out/>
  <testcase name="verifyOKTestedLogo" time="40.131" classname="com.OKTAdmin.testcases.OKTAdminLoginPageTest"/>
  <system-out/>
  <testcase name="LoginInnOKTestedAdmin" time="122.868" classname="com.OKTAdmin.testcases.OKTAdminLoginPageTest"/>
  <system-out/>
</testsuite> <!-- com.OKTAdmin.testcases.OKTAdminLoginPageTest -->
