<?xml version="1.0" encoding="UTF-8"?>
<!-- Generated by org.testng.reporters.JUnitReportReporter -->
<testsuite skipped="0" hostname="sw" name="com.OKTAdmin.testcases.OKTAdminPostDetailScreenForLink_PostTest" tests="4" failures="0" timestamp="2020-10-16T19:52:37 IST" time="1356.611" errors="0">
  <testcase name="Verify_Labels" time="453.103" classname="com.OKTAdmin.testcases.OKTAdminPostDetailScreenForLink_PostTest"/>
  <system-out/>
  <testcase name="Verify_Multiple_Validation_For_Link_Post" time="302.716" classname="com.OKTAdmin.testcases.OKTAdminPostDetailScreenForLink_PostTest"/>
  <system-out/>
  <testcase name="Verify_Validation_Link_Post" time="303.078" classname="com.OKTAdmin.testcases.OKTAdminPostDetailScreenForLink_PostTest"/>
  <system-out/>
  <testcase name="Create_Link_Post" time="297.714" classname="com.OKTAdmin.testcases.OKTAdminPostDetailScreenForLink_PostTest"/>
  <system-out/>
</testsuite> <!-- com.OKTAdmin.testcases.OKTAdminPostDetailScreenForLink_PostTest -->
